<?xml version="1.0" encoding="UTF-8"?>
<testng-results ignored="0" total="2" passed="2" failed="0" skipped="0">
  <reporter-output>
  </reporter-output>
  <suite started-at="2022-02-13T18:25:42 IST" name="Default suite" finished-at="2022-02-13T18:25:42 IST" duration-ms="189">
    <groups>
    </groups>
    <test started-at="2022-02-13T18:25:42 IST" name="Default test" finished-at="2022-02-13T18:25:42 IST" duration-ms="189">
      <class name="com.testng_features.Assert_Concept">
        <test-method signature="password()[pri:0, instance:com.testng_features.Assert_Concept@101952da]" started-at="2022-02-13T18:25:42 IST" name="password" finished-at="2022-02-13T18:25:42 IST" duration-ms="37" status="PASS">
          <reporter-output>
          </reporter-output>
        </test-method> <!-- password -->
        <test-method signature="username()[pri:0, instance:com.testng_features.Assert_Concept@101952da]" started-at="2022-02-13T18:25:42 IST" name="username" finished-at="2022-02-13T18:25:42 IST" duration-ms="6" status="PASS">
          <reporter-output>
          </reporter-output>
        </test-method> <!-- username -->
      </class> <!-- com.testng_features.Assert_Concept -->
    </test> <!-- Default test -->
  </suite> <!-- Default suite -->
</testng-results>
